<?xml version="1.0" encoding="UTF-8"?>
<!-- Generated by org.testng.reporters.JUnitReportReporter -->
<testsuite hostname="chulliyan" failures="0" tests="1" name="com.sadevops.TC_Login" time="5.245" errors="0" timestamp="2025-05-05T11:38:15 IST" skipped="0">
  <testcase classname="com.sadevops.TC_Login" name="login_Test" time="5.245"/>
</testsuite> <!-- com.sadevops.TC_Login -->
