<?xml version="1.0" encoding="UTF-8"?>
<!-- Generated by org.testng.reporters.JUnitReportReporter -->
<testsuite hostname="chulliyan" failures="0" tests="2" name="com.sadevops.AppTest" time="0.011" errors="0" timestamp="2025-05-05T12:54:39 IST" skipped="0">
  <testcase classname="com.sadevops.AppTest" name="testLogin2" time="0.001"/>
  <testcase classname="com.sadevops.AppTest" name="testLogin1" time="0.010"/>
</testsuite> <!-- com.sadevops.AppTest -->
