<?xml version="1.0" encoding="UTF-8"?>
<!-- Generated by org.testng.reporters.JUnitReportReporter -->
<testsuite hostname="chulliyan" failures="0" tests="1" name="com.sadevops.TC_Login" time="2.632" errors="0" timestamp="2025-05-05T12:54:39 IST" skipped="0">
  <testcase classname="com.sadevops.TC_Login" name="login_Test" time="2.632"/>
</testsuite> <!-- com.sadevops.TC_Login -->
